<?xml version="1.0" encoding="UTF-8"?>
<!-- Generated by org.testng.reporters.JUnitReportReporter -->
<testsuite hostname="TYSS-Raghu" failures="0" tests="1" name="VerifyExe" time="92.371" errors="0" timestamp="2022-01-18T19:12:57 IST" skipped="0">
  <testcase classname="VerifyExe" name="verifyFile" time="92.371"/>
</testsuite> <!-- VerifyExe -->
