<?xml version="1.0" encoding="UTF-8"?>
<!-- Generated by org.testng.reporters.JUnitReportReporter -->
<testsuite hostname="TYSS-Raghu" failures="0" tests="1" name="ChangePassword" time="26.938" errors="0" timestamp="2021-11-12T20:09:25 IST" skipped="0">
  <testcase classname="ChangePassword" name="test1" time="26.938"/>
</testsuite> <!-- ChangePassword -->
