<?xml version="1.0" encoding="UTF-8"?>
<!-- Generated by org.testng.reporters.JUnitReportReporter -->
<testsuite hostname="TYSS-Raghu" failures="0" tests="1" name="VerifyTheCrown" time="41.138" errors="0" timestamp="2022-01-17T18:17:19 IST" skipped="0">
  <testcase classname="VerifyTheCrown" name="verifyCrown" time="41.138"/>
</testsuite> <!-- VerifyTheCrown -->
