<?xml version="1.0" encoding="UTF-8"?>
<!-- Generated by org.testng.reporters.JUnitReportReporter -->
<testsuite hostname="TYSS-Raghu" failures="0" tests="1" name="StartTheGame" time="82.374" errors="0" timestamp="2021-12-09T20:58:01 IST" skipped="0">
  <testcase classname="StartTheGame" name="test2" time="82.374"/>
</testsuite> <!-- StartTheGame -->
