<?xml version="1.0" encoding="UTF-8"?>
<!-- Generated by org.testng.reporters.JUnitReportReporter -->
<testsuite hostname="TYSS-Raghu" failures="0" tests="1" name="SwitchBetweenBrowsers" time="14.864" errors="0" timestamp="2021-12-09T18:41:41 IST" skipped="0">
  <testcase classname="SwitchBetweenBrowsers" name="test1" time="14.864"/>
</testsuite> <!-- SwitchBetweenBrowsers -->
