<?xml version="1.0" encoding="UTF-8"?>
<!-- Generated by org.testng.reporters.JUnitReportReporter -->
<testsuite hostname="TYSS-Raghu" failures="0" tests="1" name="StartTheGame" time="101.748" errors="0" timestamp="2021-12-07T20:41:20 IST" skipped="0">
  <testcase classname="StartTheGame" name="test2" time="101.748"/>
</testsuite> <!-- StartTheGame -->
